<?xml version="1.0" encoding="UTF-8"?>
<!-- Generated by org.testng.reporters.JUnitReportReporter -->
<testsuite hostname="nxs8390PF1PNZN4" failures="0" tests="1" name="example.NewTest" time="1.908" errors="0" timestamp="5 Jul 2020 19:02:07 GMT">
  <testcase classname="example.NewTest" name="f" time="1.908"/>
</testsuite> <!-- example.NewTest -->
