<?xml version="1.0" encoding="UTF-8"?>
<!-- Generated by org.testng.reporters.JUnitReportReporter -->
<testsuite hostname="nxs8390PF1PNZN4" failures="0" tests="1" name="example.NewTest" time="6.086" errors="0" timestamp="23 Jun 2020 20:34:12 GMT">
  <testcase classname="example.NewTest" name="f" time="6.086"/>
</testsuite> <!-- example.NewTest -->
